[debug] [2020-12-01T10:17:08.641Z] ----------------------------------------------------------------------
[debug] [2020-12-01T10:17:08.643Z] Command:       C:\Program Files\nodejs\node.exe C:\Users\sachi\AppData\Local\Yarn\Data\global\node_modules\firebase-tools\lib\bin\firebase.js init
[debug] [2020-12-01T10:17:08.643Z] CLI Version:   8.16.2
[debug] [2020-12-01T10:17:08.643Z] Platform:      win32
[debug] [2020-12-01T10:17:08.643Z] Node Version:  v12.19.0
[debug] [2020-12-01T10:17:08.644Z] Time:          Tue Dec 01 2020 10:17:08 GMT+0000 (Greenwich Mean Time)
[debug] [2020-12-01T10:17:08.644Z] ----------------------------------------------------------------------
[debug] [2020-12-01T10:17:08.644Z] 
[debug] [2020-12-01T10:17:08.649Z] > command requires scopes: ["email","openid","https://www.googleapis.com/auth/cloudplatformprojects.readonly","https://www.googleapis.com/auth/firebase","https://www.googleapis.com/auth/cloud-platform"]
[debug] [2020-12-01T10:17:08.649Z] > authorizing via signed-in user
[info] 
     ######## #### ########  ######## ########     ###     ######  ########
     ##        ##  ##     ## ##       ##     ##  ##   ##  ##       ##
     ######    ##  ########  ######   ########  #########  ######  ######
     ##        ##  ##    ##  ##       ##     ## ##     ##       ## ##
     ##       #### ##     ## ######## ########  ##     ##  ######  ########

You're about to initialize a Firebase project in this directory:

  C:\Users\sachi\desktop\coding\development\happy-app

Before we get started, keep in mind:

  * You are initializing in an existing Firebase project directory

